<?xml version="1.0" encoding="UTF-8"?>
<!-- Generated by org.testng.reporters.JUnitReportReporter -->
<testsuite hostname="DESKTOP-53K956R" failures="0" tests="1" name="com.crm.autodesk.Contacts.CreateContactTest" time="31.195" errors="0" timestamp="2021-12-27T14:56:07 IST" skipped="0">
  <testcase classname="com.crm.autodesk.Contacts.CreateContactTest" name="createContTest" time="31.195"/>
  <system-out/>
</testsuite> <!-- com.crm.autodesk.Contacts.CreateContactTest -->
