<?xml version="1.0" encoding="UTF-8"?>
<!-- Generated by org.testng.reporters.JUnitReportReporter -->
<testsuite hostname="DESKTOP-53K956R" failures="0" tests="1" name="com.crm.autodesk.Contacts.CreateContactWithMarketingGroup" time="24.420" errors="0" timestamp="2021-12-27T23:42:38 IST" skipped="0">
  <testcase classname="com.crm.autodesk.Contacts.CreateContactWithMarketingGroup" name="createCntctWithMarketingGrp" time="24.420"/>
  <system-out/>
</testsuite> <!-- com.crm.autodesk.Contacts.CreateContactWithMarketingGroup -->
