<?xml version="1.0" encoding="UTF-8"?>
<!-- Generated by org.testng.reporters.JUnitReportReporter -->
<testsuite hostname="DESKTOP-53K956R" failures="0" tests="3" name="practise.DataProviderPractise" time="0.014" errors="0" timestamp="2021-12-23T17:54:28 IST" skipped="0">
  <testcase classname="practise.DataProviderPractise" name="readDataFromDataProviderTest" time="0.009"/>
  <system-out/>
  <testcase classname="practise.DataProviderPractise" name="readDataFromDataProviderTest" time="0.004"/>
  <system-out/>
  <testcase classname="practise.DataProviderPractise" name="readDataFromDataProviderTest" time="0.001"/>
  <system-out/>
</testsuite> <!-- practise.DataProviderPractise -->
