<?xml version="1.0" encoding="UTF-8"?>
<!-- Generated by org.testng.reporters.JUnitReportReporter -->
<testsuite hostname="DESKTOP-53K956R" failures="0" tests="2" name="com.crm.autodesk.Organisation.CreateOrgWithIndustryTest" time="59.764" errors="0" timestamp="2021-12-27T14:51:52 IST" skipped="0">
  <testcase classname="com.crm.autodesk.Organisation.CreateOrgWithIndustryTest" name="createOrgWithIndustryTest" time="29.855"/>
  <system-out/>
  <testcase classname="com.crm.autodesk.Organisation.CreateOrgWithIndustryTest" name="createOrgWithIndustryTest" time="29.909"/>
  <system-out/>
</testsuite> <!-- com.crm.autodesk.Organisation.CreateOrgWithIndustryTest -->
