<?xml version="1.0" encoding="UTF-8"?>
<!-- Generated by org.testng.reporters.JUnitReportReporter -->
<testsuite hostname="DESKTOP-53K956R" failures="0" tests="1" name="com.crm.autodesk.Organisation.CreateOrgTest" time="29.453" errors="0" timestamp="2021-12-27T14:56:07 IST" skipped="0">
  <testcase classname="com.crm.autodesk.Organisation.CreateOrgTest" name="createOrgTest" time="29.453"/>
  <system-out/>
</testsuite> <!-- com.crm.autodesk.Organisation.CreateOrgTest -->
