<?xml version="1.0" encoding="UTF-8"?>
<!-- Generated by org.testng.reporters.JUnitReportReporter -->
<testsuite hostname="DESKTOP-53K956R" failures="0" tests="5" name="practise.DataProviderPractise2" time="0.018" errors="0" timestamp="2021-12-24T10:13:42 IST" skipped="0">
  <testcase classname="practise.DataProviderPractise2" name="readDataFromDataProviderTest" time="0.010"/>
  <system-out/>
  <testcase classname="practise.DataProviderPractise2" name="readDataFromDataProviderTest" time="0.002"/>
  <system-out/>
  <testcase classname="practise.DataProviderPractise2" name="readDataFromDataProviderTest" time="0.002"/>
  <system-out/>
  <testcase classname="practise.DataProviderPractise2" name="readDataFromDataProviderTest" time="0.001"/>
  <system-out/>
  <testcase classname="practise.DataProviderPractise2" name="readDataFromDataProviderTest" time="0.003"/>
  <system-out/>
</testsuite> <!-- practise.DataProviderPractise2 -->
